<?xml version="1.0" encoding="UTF-8"?>
<!-- Generated by org.testng.reporters.JUnitXMLReporter -->
<testsuite hostname="skumaresan-mbp.sv.splunk.com" name="Tests" tests="3" failures="0" timestamp="16 Apr 2015 20:15:43 GMT" time="65.84" errors="0">
  <testcase name="validateHunkDownloadFlow" time="22.621" classname="com.splunk.pageTests.Download_ExistingUserTest"/>
  <testcase name="validateSplunkDownloadFlow" time="19.321" classname="com.splunk.pageTests.Download_ExistingUserTest"/>
  <testcase name="validateUnivDownloadFlow" time="20.189" classname="com.splunk.pageTests.Download_ExistingUserTest"/>
</testsuite> <!-- Tests -->
