<?xml version="1.0" encoding="UTF-8" ?>
<testsuite tests="1" failures="1" name="TestSuite" time="6.754" errors="0" skipped="0">
  <properties>
[...]
</properties>
  <testcase classname="com.splunk.pageTests.Download_ExistingUserTest" name="validateHunkDownloadFlow" time="6.754">
    <failure message="Unable to locate element: {&quot;method&quot;:&quot;xpath&quot;,&quot;selector&quot;:&quot;//div[@class=&apos;col-sm-7 col-sm-offset-1&apos;]/button&quot;}
Command duration or timeout: 20 milliseconds
For documentation on this error, please visit: http://seleniumhq.org/exceptions/no_such_element.html
Build info: version: &apos;2.45.0&apos;, revision: &apos;5017cb8e7ca8e37638dc3091b2440b90a1d8686f&apos;, time: &apos;2015-02-27 09:10:26&apos;
System info: host: &apos;skumaresan-mbp&apos;, ip: &apos;192.168.1.226&apos;, os.name: &apos;Mac OS X&apos;, os.arch: &apos;x86_64&apos;, os.version: &apos;10.9.5&apos;, java.version: &apos;1.8.0_40&apos;
Driver info: org.openqa.selenium.firefox.FirefoxDriver
Capabilities [{applicationCacheEnabled=true, rotatable=false, handlesAlerts=true, databaseEnabled=true, version=31.0, platform=MAC, nativeEvents=false, acceptSslCerts=true, webStorageEnabled=true, locationContextEnabled=true, browserName=firefox, takesScreenshot=true, javascriptEnabled=true, cssSelectorsEnabled=true}]
Session ID: 658d3b27-cbda-4e46-8c65-c7309670c067
*** Element info: {Using=xpath, value=//div[@class=&apos;col-sm-7 col-sm-offset-1&apos;]/button}" type="org.openqa.selenium.NoSuchElementException">org.openqa.selenium.NoSuchElementException: Unable to locate element: {&quot;method&quot;:&quot;xpath&quot;,&quot;selector&quot;:&quot;//div[@class=&apos;col-sm-7 col-sm-offset-1&apos;]/button&quot;}
Command duration or timeout: 20 milliseconds
For documentation on this error, please visit: http://seleniumhq.org/exceptions/no_such_element.html
Build info: version: &apos;2.45.0&apos;, revision: &apos;5017cb8e7ca8e37638dc3091b2440b90a1d8686f&apos;, time: &apos;2015-02-27 09:10:26&apos;
System info: host: &apos;skumaresan-mbp&apos;, ip: &apos;192.168.1.226&apos;, os.name: &apos;Mac OS X&apos;, os.arch: &apos;x86_64&apos;, os.version: &apos;10.9.5&apos;, java.version: &apos;1.8.0_40&apos;
Driver info: org.openqa.selenium.firefox.FirefoxDriver
Capabilities [{applicationCacheEnabled=true, rotatable=false, handlesAlerts=true, databaseEnabled=true, version=31.0, platform=MAC, nativeEvents=false, acceptSslCerts=true, webStorageEnabled=true, locationContextEnabled=true, browserName=firefox, takesScreenshot=true, javascriptEnabled=true, cssSelectorsEnabled=true}]
Session ID: 658d3b27-cbda-4e46-8c65-c7309670c067
*** Element info: {Using=xpath, value=//div[@class=&apos;col-sm-7 col-sm-offset-1&apos;]/button}
	at sun.reflect.NativeConstructorAccessorImpl.newInstance0(Native Method)
	at sun.reflect.NativeConstructorAccessorImpl.newInstance(NativeConstructorAccessorImpl.java:62)
	at sun.reflect.DelegatingConstructorAccessorImpl.newInstance(DelegatingConstructorAccessorImpl.java:45)
	at java.lang.reflect.Constructor.newInstance(Constructor.java:422)
	at org.openqa.selenium.remote.ErrorHandler.createThrowable(ErrorHandler.java:204)
	at org.openqa.selenium.remote.ErrorHandler.throwIfResponseFailed(ErrorHandler.java:156)
	at org.openqa.selenium.remote.RemoteWebDriver.execute(RemoteWebDriver.java:599)
	at org.openqa.selenium.remote.RemoteWebDriver.findElement(RemoteWebDriver.java:352)
	at org.openqa.selenium.remote.RemoteWebDriver.findElementByXPath(RemoteWebDriver.java:449)
	at org.openqa.selenium.By$ByXPath.findElement(By.java:357)
	at org.openqa.selenium.remote.RemoteWebDriver.findElement(RemoteWebDriver.java:344)
	at com.splunk.pageCommonLibraries.DownloadFlow.VerifyDownloadFlow(DownloadFlow.java:26)
	at com.splunk.pageTests.Download_ExistingUserTest.validateHunkDownloadFlow(Download_ExistingUserTest.java:34)
Caused by: org.openqa.selenium.NoSuchElementException: Unable to locate element: {&quot;method&quot;:&quot;xpath&quot;,&quot;selector&quot;:&quot;//div[@class=&apos;col-sm-7 col-sm-offset-1&apos;]/button&quot;}
For documentation on this error, please visit: http://seleniumhq.org/exceptions/no_such_element.html
Build info: version: &apos;2.45.0&apos;, revision: &apos;5017cb8e7ca8e37638dc3091b2440b90a1d8686f&apos;, time: &apos;2015-02-27 09:10:26&apos;
System info: host: &apos;skumaresan-mbp&apos;, ip: &apos;192.168.1.226&apos;, os.name: &apos;Mac OS X&apos;, os.arch: &apos;x86_64&apos;, os.version: &apos;10.9.5&apos;, java.version: &apos;1.8.0_40&apos;
Driver info: driver.version: unknown
	at &lt;anonymous class&gt;.FirefoxDriver.prototype.findElementInternal_(file:///var/folders/mz/r_zd4s652_jd2l_cbb5tvy3wlz1bxm/T/anonymous194247198800898229webdriver-profile/extensions/fxdriver@googlecode.com/components/driver-component.js:10271)
	at &lt;anonymous class&gt;.FirefoxDriver.prototype.findElement(file:///var/folders/mz/r_zd4s652_jd2l_cbb5tvy3wlz1bxm/T/anonymous194247198800898229webdriver-profile/extensions/fxdriver@googlecode.com/components/driver-component.js:10280)
	at &lt;anonymous class&gt;.DelayedCommand.prototype.executeInternal_/h(file:///var/folders/mz/r_zd4s652_jd2l_cbb5tvy3wlz1bxm/T/anonymous194247198800898229webdriver-profile/extensions/fxdriver@googlecode.com/components/command-processor.js:12274)
	at &lt;anonymous class&gt;.DelayedCommand.prototype.executeInternal_(file:///var/folders/mz/r_zd4s652_jd2l_cbb5tvy3wlz1bxm/T/anonymous194247198800898229webdriver-profile/extensions/fxdriver@googlecode.com/components/command-processor.js:12279)
	at &lt;anonymous class&gt;.DelayedCommand.prototype.execute/&lt;(file:///var/folders/mz/r_zd4s652_jd2l_cbb5tvy3wlz1bxm/T/anonymous194247198800898229webdriver-profile/extensions/fxdriver@googlecode.com/components/command-processor.js:12221)
</failure>
    <system-out>The Log4j Path is: /Users/skumaresan/Documents/workspace/Splunkcom/log4j.xml
The Log4j Path is: /Users/skumaresan/Documents/workspace/Splunkcom/log4j.xml
in beforeSuite
/Users/skumaresan/Documents/workspace/Splunkcom/ConFig Files/Splunk_Prod_Sanity_FF_Config.txt config file name:  ConFig Files/Splunk_Prod_Sanity_FF_Config.txt
Reading the file
Loading the config file
File loaded 
Browser is FF
Value of Remote is No
Entered in to YES loop
Firefox is the driver opened in hub locationhttp://10.140.15.35:4444/wd/hub
FFIs the browser
Entering remote is no
Value of Remote is No
Entered in to YES loop
Firefox is the driver opened in hub locationhttp://10.140.15.35:4444/wd/hub
2015-04-20 12:02:49,605 [main] INFO  com.splunk.pageTests.Login_Tests  - Entered in to data provider
Reading readExcelData method
Boundaru Cells are[Lorg.apache.poi.xssf.usermodel.XSSFCell;@7c541c15
Boundary start cellHunk
Reading for loop
Returing testdata
2015-04-20 12:02:49,859 [main] INFO  com.splunk.pageTests.Login_Tests  - Reading the excel
In now entering downoad flow
The Log4j Path is: /Users/skumaresan/Documents/workspace/Splunkcom/log4j.xml
The Log4j Path is: /Users/skumaresan/Documents/workspace/Splunkcom/log4j.xml
Reading config files
/Users/skumaresan/Documents/workspace/Splunkcom/ConFig Files/Splunk_Prod_Sanity_FF_Config.txt config file name:  ConFig Files/Splunk_Prod_Sanity_FF_Config.txt
Reading the file for Environment
Loading the config file
File loaded 
Environment is ......null
URL ishttp://publish01-qa.cms.splunk.com
</system-out>
  </testcase>
</testsuite>