<?xml version="1.0" encoding="UTF-8"?>
<testng-results skipped="0" failed="0" total="3" passed="3">
  <reporter-output>
  </reporter-output>
  <suite name="SplunkAutomation" duration-ms="65840" started-at="2015-04-16T20:14:38Z" finished-at="2015-04-16T20:15:43Z">
    <groups>
    </groups>
    <test name="Tests" duration-ms="65840" started-at="2015-04-16T20:14:38Z" finished-at="2015-04-16T20:15:43Z">
      <class name="com.splunk.pageTests.Download_ExistingUserTest">
        <test-method status="PASS" signature="beforeSuite()[pri:0, instance:com.splunk.pageTests.Download_ExistingUserTest@672872e1]" name="beforeSuite" is-config="true" duration-ms="15" started-at="2015-04-16T13:14:38Z" finished-at="2015-04-16T13:14:38Z">
          <reporter-output>
          </reporter-output>
        </test-method> <!-- beforeSuite -->
        <test-method status="PASS" signature="beforeSuite(java.lang.String, org.testng.ITestContext)[pri:0, instance:com.splunk.pageTests.Download_ExistingUserTest@672872e1]" name="beforeSuite" is-config="true" duration-ms="3198" started-at="2015-04-16T13:14:38Z" finished-at="2015-04-16T13:14:41Z">
          <params>
            <param index="0">
              <value>
                <![CDATA[yes]]>
              </value>
            </param>
            <param index="1">
              <value>
                <![CDATA[org.testng.TestRunner@666b83a4]]>
              </value>
            </param>
          </params>
          <reporter-output>
          </reporter-output>
        </test-method> <!-- beforeSuite -->
        <test-method status="PASS" signature="validateHunkDownloadFlow(java.lang.String, java.lang.String, java.lang.String)[pri:0, instance:com.splunk.pageTests.Download_ExistingUserTest@672872e1]" name="validateHunkDownloadFlow" duration-ms="22621" started-at="2015-04-16T13:14:41Z" data-provider="HunkDL" finished-at="2015-04-16T13:15:04Z">
          <params>
            <param index="0">
              <value>
                <![CDATA[http://www.splunk.com/en_us/download/hunk.html]]>
              </value>
            </param>
            <param index="1">
              <value>
                <![CDATA[//div[@class='col-sm-7 col-sm-offset-1']/button]]>
              </value>
            </param>
            <param index="2">
              <value>
                <![CDATA[//div[@class='download-modal-row-white']/a]]>
              </value>
            </param>
          </params>
          <reporter-output>
          </reporter-output>
        </test-method> <!-- validateHunkDownloadFlow -->
        <test-method status="PASS" signature="clearcache()[pri:0, instance:com.splunk.pageTests.Download_ExistingUserTest@672872e1]" name="clearcache" is-config="true" duration-ms="23" started-at="2015-04-16T13:15:04Z" finished-at="2015-04-16T13:15:04Z">
          <reporter-output>
          </reporter-output>
        </test-method> <!-- clearcache -->
        <test-method status="PASS" signature="validateSplunkDownloadFlow(java.lang.String, java.lang.String, java.lang.String)[pri:0, instance:com.splunk.pageTests.Download_ExistingUserTest@672872e1]" name="validateSplunkDownloadFlow" duration-ms="19321" started-at="2015-04-16T13:15:04Z" data-provider="SplunkDL" finished-at="2015-04-16T13:15:23Z">
          <params>
            <param index="0">
              <value>
                <![CDATA[http://www.splunk.com/en_us/download/splunk-enterprise.html]]>
              </value>
            </param>
            <param index="1">
              <value>
                <![CDATA[//div[@class='col-sm-7 col-sm-offset-1']/button]]>
              </value>
            </param>
            <param index="2">
              <value>
                <![CDATA[//div[@class='download-modal-row-white']/a]]>
              </value>
            </param>
          </params>
          <reporter-output>
          </reporter-output>
        </test-method> <!-- validateSplunkDownloadFlow -->
        <test-method status="PASS" signature="clearcache()[pri:0, instance:com.splunk.pageTests.Download_ExistingUserTest@672872e1]" name="clearcache" is-config="true" duration-ms="22" started-at="2015-04-16T13:15:23Z" finished-at="2015-04-16T13:15:23Z">
          <reporter-output>
          </reporter-output>
        </test-method> <!-- clearcache -->
        <test-method status="PASS" signature="validateUnivDownloadFlow(java.lang.String, java.lang.String, java.lang.String)[pri:0, instance:com.splunk.pageTests.Download_ExistingUserTest@672872e1]" name="validateUnivDownloadFlow" duration-ms="20189" started-at="2015-04-16T13:15:23Z" data-provider="UnivDL" finished-at="2015-04-16T13:15:43Z">
          <params>
            <param index="0">
              <value>
                <![CDATA[http:www.splunk.com/en_us/download/universal-forwarder.html]]>
              </value>
            </param>
            <param index="1">
              <value>
                <![CDATA[//div[@class='row']/div[1]/button[1]]]>
              </value>
            </param>
            <param index="2">
              <value>
                <![CDATA[//div[@class='download-modal-row-white']/a[1]]]>
              </value>
            </param>
          </params>
          <reporter-output>
          </reporter-output>
        </test-method> <!-- validateUnivDownloadFlow -->
        <test-method status="PASS" signature="clearcache()[pri:0, instance:com.splunk.pageTests.Download_ExistingUserTest@672872e1]" name="clearcache" is-config="true" duration-ms="25" started-at="2015-04-16T13:15:43Z" finished-at="2015-04-16T13:15:43Z">
          <reporter-output>
          </reporter-output>
        </test-method> <!-- clearcache -->
        <test-method status="PASS" signature="shutDownDriver1()[pri:0, instance:com.splunk.pageTests.Download_ExistingUserTest@672872e1]" name="shutDownDriver1" is-config="true" duration-ms="71" started-at="2015-04-16T13:15:43Z" finished-at="2015-04-16T13:15:43Z">
          <reporter-output>
          </reporter-output>
        </test-method> <!-- shutDownDriver1 -->
        <test-method status="PASS" signature="afterSuite()[pri:0, instance:com.splunk.pageTests.Download_ExistingUserTest@672872e1]" name="afterSuite" is-config="true" duration-ms="0" started-at="2015-04-16T13:15:43Z" finished-at="2015-04-16T13:15:43Z">
          <reporter-output>
          </reporter-output>
        </test-method> <!-- afterSuite -->
      </class> <!-- com.splunk.pageTests.Download_ExistingUserTest -->
    </test> <!-- Tests -->
  </suite> <!-- SplunkAutomation -->
</testng-results>
