<?xml version="1.0" encoding="UTF-8" ?>
<testsuite tests="3" failures="0" name="TestSuite" time="62.133" errors="0" skipped="0">
  <properties>
[...]
</properties>
  <testcase classname="com.splunk.pageTests.Download_ExistingUserTest" name="validateHunkDownloadFlow" time="22.621"/>
  <testcase classname="com.splunk.pageTests.Download_ExistingUserTest" name="validateSplunkDownloadFlow" time="19.322"/>
  <testcase classname="com.splunk.pageTests.Download_ExistingUserTest" name="validateUnivDownloadFlow" time="20.19"/>
</testsuite>