<?xml version="1.0" encoding="UTF-8"?>
<!-- Generated by org.testng.reporters.JUnitXMLReporter -->
<testsuite hostname="skumaresan-mbp.sv.splunk.com" name="Tests" tests="3" failures="0" timestamp="7 Apr 2015 22:38:51 GMT" time="72.513" errors="0">
  <testcase name="validateHunkDownloadFlow" time="24.481" classname="com.splunk.pageTests.Download_ExistingUserTest"/>
  <testcase name="validateSplunkDownloadFlow" time="21.375" classname="com.splunk.pageTests.Download_ExistingUserTest"/>
  <testcase name="validateUnivDownloadFlow" time="21.234" classname="com.splunk.pageTests.Download_ExistingUserTest"/>
</testsuite> <!-- Tests -->
