<?xml version="1.0" encoding="UTF-8"?>
<!-- Generated by org.testng.reporters.JUnitXMLReporter -->
<testsuite hostname="skumaresan-mbp.sv.splunk.com" name="Tests" tests="3" failures="0" timestamp="16 Apr 2015 19:54:41 GMT" time="78.443" errors="0">
  <testcase name="validateHunkDownloadFlow" time="33.684" classname="com.splunk.pageTests.Download_ExistingUserTest"/>
  <testcase name="validateSplunkDownloadFlow" time="20.063" classname="com.splunk.pageTests.Download_ExistingUserTest"/>
  <testcase name="validateUnivDownloadFlow" time="19.805" classname="com.splunk.pageTests.Download_ExistingUserTest"/>
</testsuite> <!-- Tests -->
