<?xml version="1.0" encoding="UTF-8"?>
<testng-results skipped="0" failed="0" total="3" passed="3">
  <reporter-output>
  </reporter-output>
  <suite name="SplunkAutomation" duration-ms="78443" started-at="2015-04-16T19:53:23Z" finished-at="2015-04-16T19:54:41Z">
    <groups>
    </groups>
    <test name="Tests" duration-ms="78443" started-at="2015-04-16T19:53:23Z" finished-at="2015-04-16T19:54:41Z">
      <class name="com.splunk.pageTests.Download_ExistingUserTest">
        <test-method status="PASS" signature="beforeSuite()[pri:0, instance:com.splunk.pageTests.Download_ExistingUserTest@1f315415]" name="beforeSuite" is-config="true" duration-ms="10" started-at="2015-04-16T12:53:23Z" finished-at="2015-04-16T12:53:23Z">
          <reporter-output>
          </reporter-output>
        </test-method> <!-- beforeSuite -->
        <test-method status="PASS" signature="beforeSuite(java.lang.String, org.testng.ITestContext)[pri:0, instance:com.splunk.pageTests.Download_ExistingUserTest@1f315415]" name="beforeSuite" is-config="true" duration-ms="4293" started-at="2015-04-16T12:53:23Z" finished-at="2015-04-16T12:53:27Z">
          <params>
            <param index="0">
              <value>
                <![CDATA[yes]]>
              </value>
            </param>
            <param index="1">
              <value>
                <![CDATA[org.testng.TestRunner@2c4f71a3]]>
              </value>
            </param>
          </params>
          <reporter-output>
          </reporter-output>
        </test-method> <!-- beforeSuite -->
        <test-method status="PASS" signature="validateHunkDownloadFlow(java.lang.String, java.lang.String, java.lang.String)[pri:0, instance:com.splunk.pageTests.Download_ExistingUserTest@1f315415]" name="validateHunkDownloadFlow" duration-ms="33684" started-at="2015-04-16T12:53:27Z" data-provider="HunkDL" finished-at="2015-04-16T12:54:01Z">
          <params>
            <param index="0">
              <value>
                <![CDATA[http://www.splunk.com/en_us/download/hunk.html]]>
              </value>
            </param>
            <param index="1">
              <value>
                <![CDATA[//div[@class='col-sm-7 col-sm-offset-1']/button]]>
              </value>
            </param>
            <param index="2">
              <value>
                <![CDATA[//div[@class='download-modal-row-white']/a]]>
              </value>
            </param>
          </params>
          <reporter-output>
          </reporter-output>
        </test-method> <!-- validateHunkDownloadFlow -->
        <test-method status="PASS" signature="clearcache()[pri:0, instance:com.splunk.pageTests.Download_ExistingUserTest@1f315415]" name="clearcache" is-config="true" duration-ms="26" started-at="2015-04-16T12:54:01Z" finished-at="2015-04-16T12:54:01Z">
          <reporter-output>
          </reporter-output>
        </test-method> <!-- clearcache -->
        <test-method status="PASS" signature="validateSplunkDownloadFlow(java.lang.String, java.lang.String, java.lang.String)[pri:0, instance:com.splunk.pageTests.Download_ExistingUserTest@1f315415]" name="validateSplunkDownloadFlow" duration-ms="20063" started-at="2015-04-16T12:54:01Z" data-provider="SplunkDL" finished-at="2015-04-16T12:54:21Z">
          <params>
            <param index="0">
              <value>
                <![CDATA[http://www.splunk.com/en_us/download/splunk-enterprise.html]]>
              </value>
            </param>
            <param index="1">
              <value>
                <![CDATA[//div[@class='col-sm-7 col-sm-offset-1']/button]]>
              </value>
            </param>
            <param index="2">
              <value>
                <![CDATA[//div[@class='download-modal-row-white']/a]]>
              </value>
            </param>
          </params>
          <reporter-output>
          </reporter-output>
        </test-method> <!-- validateSplunkDownloadFlow -->
        <test-method status="PASS" signature="clearcache()[pri:0, instance:com.splunk.pageTests.Download_ExistingUserTest@1f315415]" name="clearcache" is-config="true" duration-ms="21" started-at="2015-04-16T12:54:21Z" finished-at="2015-04-16T12:54:21Z">
          <reporter-output>
          </reporter-output>
        </test-method> <!-- clearcache -->
        <test-method status="PASS" signature="validateUnivDownloadFlow(java.lang.String, java.lang.String, java.lang.String)[pri:0, instance:com.splunk.pageTests.Download_ExistingUserTest@1f315415]" name="validateUnivDownloadFlow" duration-ms="19805" started-at="2015-04-16T12:54:21Z" data-provider="UnivDL" finished-at="2015-04-16T12:54:41Z">
          <params>
            <param index="0">
              <value>
                <![CDATA[http:www.splunk.com/en_us/download/universal-forwarder.html]]>
              </value>
            </param>
            <param index="1">
              <value>
                <![CDATA[//div[@class='row']/div[1]/button[1]]]>
              </value>
            </param>
            <param index="2">
              <value>
                <![CDATA[//div[@class='download-modal-row-white']/a[1]]]>
              </value>
            </param>
          </params>
          <reporter-output>
          </reporter-output>
        </test-method> <!-- validateUnivDownloadFlow -->
        <test-method status="PASS" signature="clearcache()[pri:0, instance:com.splunk.pageTests.Download_ExistingUserTest@1f315415]" name="clearcache" is-config="true" duration-ms="21" started-at="2015-04-16T12:54:41Z" finished-at="2015-04-16T12:54:41Z">
          <reporter-output>
          </reporter-output>
        </test-method> <!-- clearcache -->
        <test-method status="PASS" signature="shutDownDriver1()[pri:0, instance:com.splunk.pageTests.Download_ExistingUserTest@1f315415]" name="shutDownDriver1" is-config="true" duration-ms="74" started-at="2015-04-16T12:54:41Z" finished-at="2015-04-16T12:54:41Z">
          <reporter-output>
          </reporter-output>
        </test-method> <!-- shutDownDriver1 -->
        <test-method status="PASS" signature="afterSuite()[pri:0, instance:com.splunk.pageTests.Download_ExistingUserTest@1f315415]" name="afterSuite" is-config="true" duration-ms="1" started-at="2015-04-16T12:54:41Z" finished-at="2015-04-16T12:54:41Z">
          <reporter-output>
          </reporter-output>
        </test-method> <!-- afterSuite -->
      </class> <!-- com.splunk.pageTests.Download_ExistingUserTest -->
    </test> <!-- Tests -->
  </suite> <!-- SplunkAutomation -->
</testng-results>
